TN:
SF:index.js
FN:8,(anonymous_0)
FN:25,processBillUpload
FN:48,extractTextFromPDF
FN:58,analyzeBillWithBedrock
FN:124,storeBillData
FNF:5
FNH:5
FNDA:13,(anonymous_0)
FNDA:13,processBillUpload
FNDA:12,extractTextFromPDF
FNDA:11,analyzeBillWithBedrock
FNDA:10,storeBillData
DA:1,1
DA:2,1
DA:4,1
DA:5,1
DA:6,1
DA:8,1
DA:9,13
DA:11,13
DA:12,13
DA:13,14
DA:14,13
DA:18,10
DA:20,3
DA:21,3
DA:26,13
DA:27,13
DA:29,13
DA:31,13
DA:32,1
DA:33,1
DA:36,12
DA:37,12
DA:38,11
DA:39,10
DA:41,9
DA:43,3
DA:44,3
DA:49,12
DA:51,12
DA:52,11
DA:54,11
DA:55,11
DA:59,11
DA:61,11
DA:93,11
DA:109,11
DA:110,11
DA:113,11
DA:114,11
DA:116,1
DA:117,1
DA:120,10
DA:121,10
DA:125,10
DA:127,10
DA:128,10
DA:129,10
DA:130,10
DA:132,10
DA:144,10
DA:149,10
DA:150,9
LF:52
LH:52
BRDA:5,0,0,1
BRDA:5,0,1,1
BRDA:13,1,0,13
BRDA:13,1,1,1
BRDA:31,2,0,1
BRDA:31,2,1,12
BRF:6
BRH:6
end_of_record
